32
128
16
512
512
512
1024
1024
512
256
512
64
64
2
256
16
8
2
4
1
2
0
2
1
1024
64
256
512
32
32
64
128
8
2
32
0
512
16
4
0
16
16
1
1
2
1
512
256
1024
512
16
256
1024
256
256
256
1024
16
0
16
64
2
16
4
4
2
0
4
1
1
0
4
16
16
0
1024
32
512
512
32
512
32
128
32
0
1
1
4
2
4
1
0
512
1024
1024
512
32
512
4
4
4
1
2
0
8
2
1
0
1024
512
32
512
512
128
2
512
512
512
512
0
8
16
16
1
16
1
2
0
1
1
4
2
0
1024
512
1024
8
2
1024
512
128
4
256
256
2
16
64
0
32
0
1
1
1
0
1
4
64
4
1
32
512
512
64
512
2
1024
1024
4
8
1
128
16
4
0
8
0
0
0
0
512
1024
512
1
1
1024
16
4
128
16
64
1
2
8
32
2
1
8
1
0
1
1024
256
16
32
128
1024
128
64
4
1
128
1
32
2
2
1
1
1
1
